<?xml version='1.0' encoding='UTF-8' ?>
<testsuite name="com.example.helloapp.MainActivityTest" tests="1" failures="0" errors="0" time="0.947" timestamp="2014-08-09T10:38:17" hostname="localhost">
  <properties device="nexus4L(AVD) - L" flavor="" project="HelloApp" />
  <testcase name="testCreate" classname="com.example.helloapp.MainActivityTest" time="0.956" />
</testsuite>